[28.12.2022 23:53:37 ] [INFO] [bot] [warning: 35] => Input Error проверка
[28.12.2022 23:53:41 ] [INFO] [bot] [start: 10] => Run command start
[28.12.2022 23:53:43 ] [INFO] [bot] [menu: 15] => Run command menu
[28.12.2022 23:53:48 ] [INFO] [bot] [warning: 23] => Selecting a Calculation Command
[28.12.2022 23:53:48 ] [INFO] [bot] [warning: 25] => Entering the first number
[28.12.2022 23:53:50 ] [INFO] [bot] [nums: 54] => Rational number processing 10
[28.12.2022 23:53:51 ] [INFO] [bot] [oper: 75] => Operation processing +
[28.12.2022 23:53:52 ] [INFO] [bot] [nums: 65] => Rational number processing 2
[28.12.2022 23:53:52 ] [INFO] [bot] [vitch: 102] => Performing an operation +
[28.12.2022 23:53:52 ] [INFO] [bot] [vitch: 118] => Output 12.0
[28.12.2022 23:53:54 ] [INFO] [bot] [warning: 23] => Selecting a Calculation Command
[28.12.2022 23:53:54 ] [INFO] [bot] [warning: 25] => Entering the first number
[28.12.2022 23:53:56 ] [INFO] [bot] [nums: 54] => Rational number processing 15
[28.12.2022 23:53:58 ] [INFO] [bot] [oper: 75] => Operation processing -
[28.12.2022 23:53:58 ] [INFO] [bot] [nums: 65] => Rational number processing 2
[28.12.2022 23:53:58 ] [INFO] [bot] [vitch: 102] => Performing an operation -
[28.12.2022 23:53:58 ] [INFO] [bot] [vitch: 118] => Output 13.0
[28.12.2022 23:54:01 ] [INFO] [bot] [warning: 23] => Selecting a Calculation Command
[28.12.2022 23:54:01 ] [INFO] [bot] [warning: 25] => Entering the first number
[28.12.2022 23:54:05 ] [INFO] [bot] [nums: 54] => Rational number processing 12
[28.12.2022 23:54:08 ] [INFO] [bot] [oper: 75] => Operation processing *
[28.12.2022 23:54:09 ] [INFO] [bot] [nums: 65] => Rational number processing 3
[28.12.2022 23:54:09 ] [INFO] [bot] [vitch: 102] => Performing an operation *
[28.12.2022 23:54:09 ] [INFO] [bot] [vitch: 118] => Output 36.0
[28.12.2022 23:54:12 ] [INFO] [bot] [warning: 23] => Selecting a Calculation Command
[28.12.2022 23:54:12 ] [INFO] [bot] [warning: 25] => Entering the first number
[28.12.2022 23:54:13 ] [INFO] [bot] [nums: 54] => Rational number processing 12
[28.12.2022 23:54:14 ] [INFO] [bot] [oper: 75] => Operation processing /
[28.12.2022 23:54:15 ] [INFO] [bot] [nums: 60] => Division by zero
[28.12.2022 23:54:17 ] [INFO] [bot] [warning: 35] => Input Error /
[28.12.2022 23:54:18 ] [INFO] [bot] [warning: 23] => Selecting a Calculation Command
[28.12.2022 23:54:18 ] [INFO] [bot] [warning: 25] => Entering the first number
[28.12.2022 23:54:26 ] [INFO] [bot] [nums: 70] => Input Error Проверка
[28.12.2022 23:54:29 ] [INFO] [bot] [warning: 23] => Selecting a Calculation Command
[28.12.2022 23:54:29 ] [INFO] [bot] [warning: 25] => Entering the first number
[28.12.2022 23:54:30 ] [INFO] [bot] [nums: 54] => Rational number processing 10
[28.12.2022 23:54:32 ] [INFO] [bot] [oper: 75] => Operation processing Проверка
[28.12.2022 23:54:32 ] [INFO] [bot] [oper: 98] => Input Error Проверка
[28.12.2022 23:54:36 ] [INFO] [bot] [warning: 23] => Selecting a Calculation Command
[28.12.2022 23:54:37 ] [INFO] [bot] [warning: 25] => Entering the first number
[28.12.2022 23:54:38 ] [INFO] [bot] [nums: 54] => Rational number processing 10
[28.12.2022 23:54:39 ] [INFO] [bot] [oper: 75] => Operation processing +
[28.12.2022 23:55:30 ] [INFO] [bot] [start: 10] => Run command start
[28.12.2022 23:55:33 ] [INFO] [bot] [warning: 35] => Input Error проверка
[28.12.2022 23:55:35 ] [INFO] [bot] [warning: 23] => Selecting a Calculation Command
[28.12.2022 23:55:35 ] [INFO] [bot] [warning: 25] => Entering the first number
[28.12.2022 23:55:38 ] [INFO] [bot] [nums: 70] => Input Error проверка
[28.12.2022 23:55:40 ] [INFO] [bot] [warning: 23] => Selecting a Calculation Command
[28.12.2022 23:55:40 ] [INFO] [bot] [warning: 25] => Entering the first number
[28.12.2022 23:55:41 ] [INFO] [bot] [nums: 54] => Rational number processing 10
[28.12.2022 23:55:43 ] [INFO] [bot] [oper: 76] => Operation processing проверка
[28.12.2022 23:55:43 ] [INFO] [bot] [oper: 99] => Input Error проверка
[28.12.2022 23:55:45 ] [INFO] [bot] [warning: 23] => Selecting a Calculation Command
[28.12.2022 23:55:45 ] [INFO] [bot] [warning: 25] => Entering the first number
[28.12.2022 23:55:46 ] [INFO] [bot] [nums: 54] => Rational number processing 10
[28.12.2022 23:55:48 ] [INFO] [bot] [oper: 76] => Operation processing +
[28.12.2022 23:55:51 ] [INFO] [bot] [nums: 65] => Rational number processing проверка
[28.12.2022 23:56:11 ] [INFO] [bot] [warning: 23] => Selecting a Calculation Command
[28.12.2022 23:56:11 ] [INFO] [bot] [warning: 25] => Entering the first number
[28.12.2022 23:56:12 ] [INFO] [bot] [nums: 54] => Rational number processing 10
[28.12.2022 23:56:13 ] [INFO] [bot] [oper: 76] => Operation processing +
[28.12.2022 23:56:16 ] [INFO] [bot] [nums: 70] => Input Error проверка
[28.12.2022 23:56:18 ] [INFO] [bot] [warning: 23] => Selecting a Calculation Command
[28.12.2022 23:56:18 ] [INFO] [bot] [warning: 25] => Entering the first number
[28.12.2022 23:56:21 ] [INFO] [bot] [nums: 70] => Input Error о
[28.12.2022 23:56:23 ] [INFO] [bot] [warning: 23] => Selecting a Calculation Command
[28.12.2022 23:56:23 ] [INFO] [bot] [warning: 25] => Entering the first number
[28.12.2022 23:56:24 ] [INFO] [bot] [nums: 43] => Processing a complex number j
[28.12.2022 23:56:25 ] [INFO] [bot] [oper: 76] => Operation processing *
[28.12.2022 23:56:28 ] [INFO] [bot] [nums: 49] => Processing a complex number 10 + 3j
[28.12.2022 23:56:28 ] [INFO] [bot] [vitch: 104] => Performing an operation *
[28.12.2022 23:56:28 ] [INFO] [bot] [vitch: 120] => Output (-3+10j)
[28.12.2022 23:56:35 ] [INFO] [bot] [warning: 23] => Selecting a Calculation Command
[28.12.2022 23:56:35 ] [INFO] [bot] [warning: 25] => Entering the first number
[28.12.2022 23:56:37 ] [INFO] [bot] [nums: 43] => Processing a complex number j
[28.12.2022 23:56:39 ] [INFO] [bot] [oper: 76] => Operation processing +
[28.12.2022 23:56:41 ] [INFO] [bot] [nums: 49] => Processing a complex number 10 + 5j
[28.12.2022 23:56:41 ] [INFO] [bot] [vitch: 104] => Performing an operation +
[28.12.2022 23:56:41 ] [INFO] [bot] [vitch: 120] => Output (10+6j)
[28.12.2022 23:56:45 ] [INFO] [bot] [warning: 23] => Selecting a Calculation Command
[28.12.2022 23:56:45 ] [INFO] [bot] [warning: 25] => Entering the first number
[28.12.2022 23:56:46 ] [INFO] [bot] [nums: 54] => Rational number processing 10
[28.12.2022 23:56:48 ] [INFO] [bot] [oper: 76] => Operation processing /
[28.12.2022 23:56:49 ] [INFO] [bot] [nums: 60] => Division by zero
[28.12.2022 23:56:51 ] [INFO] [bot] [warning: 23] => Selecting a Calculation Command
[28.12.2022 23:56:51 ] [INFO] [bot] [warning: 25] => Entering the first number
[28.12.2022 23:56:52 ] [INFO] [bot] [nums: 54] => Rational number processing 10
[28.12.2022 23:56:53 ] [INFO] [bot] [oper: 76] => Operation processing /
[28.12.2022 23:56:54 ] [INFO] [bot] [nums: 65] => Rational number processing 2
[28.12.2022 23:56:54 ] [INFO] [bot] [vitch: 104] => Performing an operation /
[28.12.2022 23:56:54 ] [INFO] [bot] [vitch: 120] => Output 5.0
[28.12.2022 23:56:59 ] [INFO] [bot] [menu: 15] => Run command menu
[28.12.2022 23:57:01 ] [INFO] [bot] [warning: 29] => Log command selection
